#
# There is insufficient memory for the Java Runtime Environment to continue.
# Native memory allocation (mmap) failed to map 65536 bytes for Failed to commit metaspace.
# Possible reasons:
#   The system is out of physical RAM or swap space
#   The process is running with CompressedOops enabled, and the Java Heap may be blocking the growth of the native heap
# Possible solutions:
#   Reduce memory load on the system
#   Increase physical memory or swap space
#   Check if swap backing store is full
#   Decrease Java heap size (-Xmx/-Xms)
#   Decrease number of Java threads
#   Decrease Java thread stack sizes (-Xss)
#   Set larger code cache with -XX:ReservedCodeCacheSize=
#   JVM is running with Zero Based Compressed Oops mode in which the Java heap is
#     placed in the first 32GB address space. The Java Heap base address is the
#     maximum limit for the native heap growth. Please use -XX:HeapBaseMinAddress
#     to set the Java Heap base and to place the Java Heap above 32GB virtual address.
# This output file may be truncated or incomplete.
#
#  Out of Memory Error (virtualSpaceNode.cpp:110), pid=67720, tid=66672
#
# JRE version: OpenJDK Runtime Environment (17.0+35) (build 17+35-2724)
# Java VM: OpenJDK 64-Bit Server VM (17+35-2724, mixed mode, sharing, tiered, compressed oops, compressed class ptrs, g1 gc, windows-amd64)
# No core dump will be written. Minidumps are not enabled by default on client versions of Windows
#

---------------  S U M M A R Y ------------

Command Line: -javaagent:C:\Program Files\JetBrains\IntelliJ IDEA 2021.2.1\lib\idea_rt.jar=62846:C:\Program Files\JetBrains\IntelliJ IDEA 2021.2.1\bin -Dfile.encoding=UTF-8 --module-path=C:\LELALOU_AssignmentOne\target\classes;C:\Users\lelal\.m2\repository\org\openjfx\javafx-fxml\17-ea+11\javafx-fxml-17-ea+11-win.jar;C:\Users\lelal\.m2\repository\org\openjfx\javafx-controls\17-ea+11\javafx-controls-17-ea+11-win.jar;C:\Users\lelal\.m2\repository\org\openjfx\javafx-graphics\17-ea+11\javafx-graphics-17-ea+11-win.jar;C:\Users\lelal\.m2\repository\org\openjfx\javafx-base\17-ea+11\javafx-base-17-ea+11-win.jar -Djdk.module.main=com.example.lelalou_assignmentone com.example.lelalou_assignmentone/com.example.lelalou_assignmentone.SortingHubApplication

Host: Intel(R) Core(TM) i7-1065G7 CPU @ 1.30GHz, 8 cores, 31G,  Windows 10 , 64 bit Build 22000 (10.0.22000.1335)
Time: Fri Feb 10 10:45:08 2023 Eastern Standard Time elapsed time: 0.296729 seconds (0d 0h 0m 0s)

---------------  T H R E A D  ---------------

Current thread (0x00000220cab71280):  JavaThread "main" [_thread_in_vm, id=66672, stack(0x000000ef50b00000,0x000000ef50c00000)]

Stack: [0x000000ef50b00000,0x000000ef50c00000]
Native frames: (J=compiled Java code, j=interpreted, Vv=VM code, C=native code)
V  [jvm.dll+0x66f8ea]
V  [jvm.dll+0x7ce224]
V  [jvm.dll+0x7cf9ce]
V  [jvm.dll+0x7d0033]
V  [jvm.dll+0x242bb5]
V  [jvm.dll+0x7ca1cb]
V  [jvm.dll+0x615a46]
V  [jvm.dll+0x1be28e]
V  [jvm.dll+0x618381]
V  [jvm.dll+0x6163e6]
V  [jvm.dll+0x24067c]
V  [jvm.dll+0x6c5dad]
V  [jvm.dll+0x6c67df]
V  [jvm.dll+0x36c0f3]
V  [jvm.dll+0x36b2b2]
V  [jvm.dll+0x36b258]
V  [jvm.dll+0x559175]
V  [jvm.dll+0x55829d]
V  [jvm.dll+0x37ef57]
V  [jvm.dll+0x37e5af]
C  0x00000220d238a60c

Java frames: (J=compiled Java code, j=interpreted, Vv=VM code)
j  com.sun.javafx.application.LauncherImpl.launchApplication(Ljava/lang/String;Ljava/lang/String;[Ljava/lang/String;)V+262 javafx.graphics
v  ~StubRoutines::call_stub
j  jdk.internal.reflect.NativeMethodAccessorImpl.invoke0(Ljava/lang/reflect/Method;Ljava/lang/Object;[Ljava/lang/Object;)Ljava/lang/Object;+0 java.base@17
j  jdk.internal.reflect.NativeMethodAccessorImpl.invoke(Ljava/lang/Object;[Ljava/lang/Object;)Ljava/lang/Object;+133 java.base@17
j  jdk.internal.reflect.DelegatingMethodAccessorImpl.invoke(Ljava/lang/Object;[Ljava/lang/Object;)Ljava/lang/Object;+6 java.base@17
j  java.lang.reflect.Method.invoke(Ljava/lang/Object;[Ljava/lang/Object;)Ljava/lang/Object;+59 java.base@17
j  sun.launcher.LauncherHelper$FXHelper.main([Ljava/lang/String;)V+52 java.base@17
v  ~StubRoutines::call_stub

---------------  P R O C E S S  ---------------

Threads class SMR info:
_java_thread_list=0x00000220f7ff20a0, length=15, elements={
0x00000220cab71280, 0x00000220f6d5fa00, 0x00000220f6d605b0, 0x00000220f6d74a60,
0x00000220f6d75410, 0x00000220f6d75dc0, 0x00000220f6d77780, 0x00000220f6d7da20,
0x00000220f6d888e0, 0x00000220f6d89ab0, 0x00000220f6d4bcc0, 0x00000220f7933b00,
0x00000220f7a88650, 0x00000220f7ce06d0, 0x00000220f7bfe220
}

Java Threads: ( => current thread )
=>0x00000220cab71280 JavaThread "main" [_thread_in_vm, id=66672, stack(0x000000ef50b00000,0x000000ef50c00000)]
  0x00000220f6d5fa00 JavaThread "Reference Handler" daemon [_thread_blocked, id=90420, stack(0x000000ef51200000,0x000000ef51300000)]
  0x00000220f6d605b0 JavaThread "Finalizer" daemon [_thread_blocked, id=83620, stack(0x000000ef51300000,0x000000ef51400000)]
  0x00000220f6d74a60 JavaThread "Signal Dispatcher" daemon [_thread_blocked, id=86588, stack(0x000000ef51400000,0x000000ef51500000)]
  0x00000220f6d75410 JavaThread "Attach Listener" daemon [_thread_blocked, id=84112, stack(0x000000ef51500000,0x000000ef51600000)]
  0x00000220f6d75dc0 JavaThread "Service Thread" daemon [_thread_blocked, id=45100, stack(0x000000ef51600000,0x000000ef51700000)]
  0x00000220f6d77780 JavaThread "Monitor Deflation Thread" daemon [_thread_blocked, id=80404, stack(0x000000ef51700000,0x000000ef51800000)]
  0x00000220f6d7da20 JavaThread "C2 CompilerThread0" daemon [_thread_in_native, id=89080, stack(0x000000ef51800000,0x000000ef51900000)]
  0x00000220f6d888e0 JavaThread "C1 CompilerThread0" daemon [_thread_in_vm, id=83456, stack(0x000000ef51900000,0x000000ef51a00000)]
  0x00000220f6d89ab0 JavaThread "Sweeper thread" daemon [_thread_blocked, id=90952, stack(0x000000ef51a00000,0x000000ef51b00000)]
  0x00000220f6d4bcc0 JavaThread "Common-Cleaner" daemon [_thread_blocked, id=2556, stack(0x000000ef51b00000,0x000000ef51c00000)]
  0x00000220f7933b00 JavaThread "C2 CompilerThread1" daemon [_thread_blocked, id=86556, stack(0x000000ef51c00000,0x000000ef51d00000)]
  0x00000220f7a88650 JavaThread "C2 CompilerThread2" daemon [_thread_blocked, id=84744, stack(0x000000ef51d00000,0x000000ef51e00000)]
  0x00000220f7ce06d0 JavaThread "Monitor Ctrl-Break" daemon [_thread_in_vm, id=90764, stack(0x000000ef51e00000,0x000000ef51f00000)]
  0x00000220f7bfe220 JavaThread "Notification Thread" daemon [_thread_blocked, id=86528, stack(0x000000ef51f00000,0x000000ef52000000)]

Other Threads:
  0x00000220f6d5ab30 VMThread "VM Thread" [stack: 0x000000ef51100000,0x000000ef51200000] [id=2220]
  0x00000220cac07a20 WatcherThread [stack: 0x000000ef52000000,0x000000ef52100000] [id=87620]
  0x00000220cabe5540 GCTaskThread "GC Thread#0" [stack: 0x000000ef50c00000,0x000000ef50d00000] [id=89528]
  0x00000220cabf62b0 ConcurrentGCThread "G1 Main Marker" [stack: 0x000000ef50d00000,0x000000ef50e00000] [id=90480]
  0x00000220cabf7460 ConcurrentGCThread "G1 Conc#0" [stack: 0x000000ef50e00000,0x000000ef50f00000] [id=2808]
  0x00000220cac4dfc0 ConcurrentGCThread "G1 Refine#0" [stack: 0x000000ef50f00000,0x000000ef51000000] [id=10720]
  0x00000220cac4e880 ConcurrentGCThread "G1 Service" [stack: 0x000000ef51000000,0x000000ef51100000] [id=80484]

Threads with active compile tasks:
C2 CompilerThread0      335  275       4       java.util.stream.ReferencePipeline$3$1::accept (23 bytes)
C1 CompilerThread0      335  346       3       java.lang.reflect.Modifier::isProtected (12 bytes)

VM state: not at safepoint (normal execution)

VM Mutex/Monitor currently owned by a thread:  ([mutex/lock_event])
[0x00000220cab69e50] Metaspace_lock - owner thread: 0x00000220cab71280
[0x00000220cab6b910] MethodData_lock - owner thread: 0x00000220f6d888e0

Heap address: 0x0000000606400000, size: 8092 MB, Compressed Oops mode: Zero based, Oop shift amount: 3

CDS archive(s) mapped at: [0x0000000800000000-0x0000000800bc0000-0x0000000800bc0000), size 12320768, SharedBaseAddress: 0x0000000800000000, ArchiveRelocationMode: 0.
Compressed class space mapped at: 0x0000000800c00000-0x0000000840c00000, reserved size: 1073741824
Narrow klass base: 0x0000000800000000, Narrow klass shift: 0, Narrow klass range: 0x100000000

GC Precious Log:
 CPUs: 8 total, 8 available
 Memory: 32353M
 Large Page Support: Disabled
 NUMA Support: Disabled
 Compressed Oops: Enabled (Zero based)
 Heap Region Size: 4M
 Heap Min Capacity: 8M
 Heap Initial Capacity: 508M
 Heap Max Capacity: 8092M
 Pre-touch: Disabled
 Parallel Workers: 8
 Concurrent Workers: 2
 Concurrent Refinement Workers: 8
 Periodic GC: Disabled

Heap:
 garbage-first heap   total 520192K, used 4096K [0x0000000606400000, 0x0000000800000000)
  region size 4096K, 2 young (8192K), 0 survivors (0K)
 Metaspace       used 1047K, committed 1152K, reserved 1056768K
  class space    used 91K, committed 192K, reserved 1048576K

Heap Regions: E=young(eden), S=young(survivor), O=old, HS=humongous(starts), HC=humongous(continues), CS=collection set, F=free, OA=open archive, CA=closed archive, TAMS=top-at-mark-start (previous, next)
|   0|0x0000000606400000, 0x0000000606400000, 0x0000000606800000|  0%| F|  |TAMS 0x0000000606400000, 0x0000000606400000| Untracked 
|   1|0x0000000606800000, 0x0000000606800000, 0x0000000606c00000|  0%| F|  |TAMS 0x0000000606800000, 0x0000000606800000| Untracked 
|   2|0x0000000606c00000, 0x0000000606c00000, 0x0000000607000000|  0%| F|  |TAMS 0x0000000606c00000, 0x0000000606c00000| Untracked 
|   3|0x0000000607000000, 0x0000000607000000, 0x0000000607400000|  0%| F|  |TAMS 0x0000000607000000, 0x0000000607000000| Untracked 
|   4|0x0000000607400000, 0x0000000607400000, 0x0000000607800000|  0%| F|  |TAMS 0x0000000607400000, 0x0000000607400000| Untracked 
|   5|0x0000000607800000, 0x0000000607800000, 0x0000000607c00000|  0%| F|  |TAMS 0x0000000607800000, 0x0000000607800000| Untracked 
|   6|0x0000000607c00000, 0x0000000607c00000, 0x0000000608000000|  0%| F|  |TAMS 0x0000000607c00000, 0x0000000607c00000| Untracked 
|   7|0x0000000608000000, 0x0000000608000000, 0x0000000608400000|  0%| F|  |TAMS 0x0000000608000000, 0x0000000608000000| Untracked 
|   8|0x0000000608400000, 0x0000000608400000, 0x0000000608800000|  0%| F|  |TAMS 0x0000000608400000, 0x0000000608400000| Untracked 
|   9|0x0000000608800000, 0x0000000608800000, 0x0000000608c00000|  0%| F|  |TAMS 0x0000000608800000, 0x0000000608800000| Untracked 
|  10|0x0000000608c00000, 0x0000000608c00000, 0x0000000609000000|  0%| F|  |TAMS 0x0000000608c00000, 0x0000000608c00000| Untracked 
|  11|0x0000000609000000, 0x0000000609000000, 0x0000000609400000|  0%| F|  |TAMS 0x0000000609000000, 0x0000000609000000| Untracked 
|  12|0x0000000609400000, 0x0000000609400000, 0x0000000609800000|  0%| F|  |TAMS 0x0000000609400000, 0x0000000609400000| Untracked 
|  13|0x0000000609800000, 0x0000000609800000, 0x0000000609c00000|  0%| F|  |TAMS 0x0000000609800000, 0x0000000609800000| Untracked 
|  14|0x0000000609c00000, 0x0000000609c00000, 0x000000060a000000|  0%| F|  |TAMS 0x0000000609c00000, 0x0000000609c00000| Untracked 
|  15|0x000000060a000000, 0x000000060a000000, 0x000000060a400000|  0%| F|  |TAMS 0x000000060a000000, 0x000000060a000000| Untracked 
|  16|0x000000060a400000, 0x000000060a400000, 0x000000060a800000|  0%| F|  |TAMS 0x000000060a400000, 0x000000060a400000| Untracked 
|  17|0x000000060a800000, 0x000000060a800000, 0x000000060ac00000|  0%| F|  |TAMS 0x000000060a800000, 0x000000060a800000| Untracked 
|  18|0x000000060ac00000, 0x000000060ac00000, 0x000000060b000000|  0%| F|  |TAMS 0x000000060ac00000, 0x000000060ac00000| Untracked 
|  19|0x000000060b000000, 0x000000060b000000, 0x000000060b400000|  0%| F|  |TAMS 0x000000060b000000, 0x000000060b000000| Untracked 
|  20|0x000000060b400000, 0x000000060b400000, 0x000000060b800000|  0%| F|  |TAMS 0x000000060b400000, 0x000000060b400000| Untracked 
|  21|0x000000060b800000, 0x000000060b800000, 0x000000060bc00000|  0%| F|  |TAMS 0x000000060b800000, 0x000000060b800000| Untracked 
|  22|0x000000060bc00000, 0x000000060bc00000, 0x000000060c000000|  0%| F|  |TAMS 0x000000060bc00000, 0x000000060bc00000| Untracked 
|  23|0x000000060c000000, 0x000000060c000000, 0x000000060c400000|  0%| F|  |TAMS 0x000000060c000000, 0x000000060c000000| Untracked 
|  24|0x000000060c400000, 0x000000060c400000, 0x000000060c800000|  0%| F|  |TAMS 0x000000060c400000, 0x000000060c400000| Untracked 
|  25|0x000000060c800000, 0x000000060c800000, 0x000000060cc00000|  0%| F|  |TAMS 0x000000060c800000, 0x000000060c800000| Untracked 
|  26|0x000000060cc00000, 0x000000060cc00000, 0x000000060d000000|  0%| F|  |TAMS 0x000000060cc00000, 0x000000060cc00000| Untracked 
|  27|0x000000060d000000, 0x000000060d000000, 0x000000060d400000|  0%| F|  |TAMS 0x000000060d000000, 0x000000060d000000| Untracked 
|  28|0x000000060d400000, 0x000000060d400000, 0x000000060d800000|  0%| F|  |TAMS 0x000000060d400000, 0x000000060d400000| Untracked 
|  29|0x000000060d800000, 0x000000060d800000, 0x000000060dc00000|  0%| F|  |TAMS 0x000000060d800000, 0x000000060d800000| Untracked 
|  30|0x000000060dc00000, 0x000000060dc00000, 0x000000060e000000|  0%| F|  |TAMS 0x000000060dc00000, 0x000000060dc00000| Untracked 
|  31|0x000000060e000000, 0x000000060e000000, 0x000000060e400000|  0%| F|  |TAMS 0x000000060e000000, 0x000000060e000000| Untracked 
|  32|0x000000060e400000, 0x000000060e400000, 0x000000060e800000|  0%| F|  |TAMS 0x000000060e400000, 0x000000060e400000| Untracked 
|  33|0x000000060e800000, 0x000000060e800000, 0x000000060ec00000|  0%| F|  |TAMS 0x000000060e800000, 0x000000060e800000| Untracked 
|  34|0x000000060ec00000, 0x000000060ec00000, 0x000000060f000000|  0%| F|  |TAMS 0x000000060ec00000, 0x000000060ec00000| Untracked 
|  35|0x000000060f000000, 0x000000060f000000, 0x000000060f400000|  0%| F|  |TAMS 0x000000060f000000, 0x000000060f000000| Untracked 
|  36|0x000000060f400000, 0x000000060f400000, 0x000000060f800000|  0%| F|  |TAMS 0x000000060f400000, 0x000000060f400000| Untracked 
|  37|0x000000060f800000, 0x000000060f800000, 0x000000060fc00000|  0%| F|  |TAMS 0x000000060f800000, 0x000000060f800000| Untracked 
|  38|0x000000060fc00000, 0x000000060fc00000, 0x0000000610000000|  0%| F|  |TAMS 0x000000060fc00000, 0x000000060fc00000| Untracked 
|  39|0x0000000610000000, 0x0000000610000000, 0x0000000610400000|  0%| F|  |TAMS 0x0000000610000000, 0x0000000610000000| Untracked 
|  40|0x0000000610400000, 0x0000000610400000, 0x0000000610800000|  0%| F|  |TAMS 0x0000000610400000, 0x0000000610400000| Untracked 
|  41|0x0000000610800000, 0x0000000610800000, 0x0000000610c00000|  0%| F|  |TAMS 0x0000000610800000, 0x0000000610800000| Untracked 
|  42|0x0000000610c00000, 0x0000000610c00000, 0x0000000611000000|  0%| F|  |TAMS 0x0000000610c00000, 0x0000000610c00000| Untracked 
|  43|0x0000000611000000, 0x0000000611000000, 0x0000000611400000|  0%| F|  |TAMS 0x0000000611000000, 0x0000000611000000| Untracked 
|  44|0x0000000611400000, 0x0000000611400000, 0x0000000611800000|  0%| F|  |TAMS 0x0000000611400000, 0x0000000611400000| Untracked 
|  45|0x0000000611800000, 0x0000000611800000, 0x0000000611c00000|  0%| F|  |TAMS 0x0000000611800000, 0x0000000611800000| Untracked 
|  46|0x0000000611c00000, 0x0000000611c00000, 0x0000000612000000|  0%| F|  |TAMS 0x0000000611c00000, 0x0000000611c00000| Untracked 
|  47|0x0000000612000000, 0x0000000612000000, 0x0000000612400000|  0%| F|  |TAMS 0x0000000612000000, 0x0000000612000000| Untracked 
|  48|0x0000000612400000, 0x0000000612400000, 0x0000000612800000|  0%| F|  |TAMS 0x0000000612400000, 0x0000000612400000| Untracked 
|  49|0x0000000612800000, 0x0000000612800000, 0x0000000612c00000|  0%| F|  |TAMS 0x0000000612800000, 0x0000000612800000| Untracked 
|  50|0x0000000612c00000, 0x0000000612c00000, 0x0000000613000000|  0%| F|  |TAMS 0x0000000612c00000, 0x0000000612c00000| Untracked 
|  51|0x0000000613000000, 0x0000000613000000, 0x0000000613400000|  0%| F|  |TAMS 0x0000000613000000, 0x0000000613000000| Untracked 
|  52|0x0000000613400000, 0x0000000613400000, 0x0000000613800000|  0%| F|  |TAMS 0x0000000613400000, 0x0000000613400000| Untracked 
|  53|0x0000000613800000, 0x0000000613800000, 0x0000000613c00000|  0%| F|  |TAMS 0x0000000613800000, 0x0000000613800000| Untracked 
|  54|0x0000000613c00000, 0x0000000613c00000, 0x0000000614000000|  0%| F|  |TAMS 0x0000000613c00000, 0x0000000613c00000| Untracked 
|  55|0x0000000614000000, 0x0000000614000000, 0x0000000614400000|  0%| F|  |TAMS 0x0000000614000000, 0x0000000614000000| Untracked 
|  56|0x0000000614400000, 0x0000000614400000, 0x0000000614800000|  0%| F|  |TAMS 0x0000000614400000, 0x0000000614400000| Untracked 
|  57|0x0000000614800000, 0x0000000614800000, 0x0000000614c00000|  0%| F|  |TAMS 0x0000000614800000, 0x0000000614800000| Untracked 
|  58|0x0000000614c00000, 0x0000000614c00000, 0x0000000615000000|  0%| F|  |TAMS 0x0000000614c00000, 0x0000000614c00000| Untracked 
|  59|0x0000000615000000, 0x0000000615000000, 0x0000000615400000|  0%| F|  |TAMS 0x0000000615000000, 0x0000000615000000| Untracked 
|  60|0x0000000615400000, 0x0000000615400000, 0x0000000615800000|  0%| F|  |TAMS 0x0000000615400000, 0x0000000615400000| Untracked 
|  61|0x0000000615800000, 0x0000000615800000, 0x0000000615c00000|  0%| F|  |TAMS 0x0000000615800000, 0x0000000615800000| Untracked 
|  62|0x0000000615c00000, 0x0000000615c00000, 0x0000000616000000|  0%| F|  |TAMS 0x0000000615c00000, 0x0000000615c00000| Untracked 
|  63|0x0000000616000000, 0x0000000616000000, 0x0000000616400000|  0%| F|  |TAMS 0x0000000616000000, 0x0000000616000000| Untracked 
|  64|0x0000000616400000, 0x0000000616400000, 0x0000000616800000|  0%| F|  |TAMS 0x0000000616400000, 0x0000000616400000| Untracked 
|  65|0x0000000616800000, 0x0000000616800000, 0x0000000616c00000|  0%| F|  |TAMS 0x0000000616800000, 0x0000000616800000| Untracked 
|  66|0x0000000616c00000, 0x0000000616c00000, 0x0000000617000000|  0%| F|  |TAMS 0x0000000616c00000, 0x0000000616c00000| Untracked 
|  67|0x0000000617000000, 0x0000000617000000, 0x0000000617400000|  0%| F|  |TAMS 0x0000000617000000, 0x0000000617000000| Untracked 
|  68|0x0000000617400000, 0x0000000617400000, 0x0000000617800000|  0%| F|  |TAMS 0x0000000617400000, 0x0000000617400000| Untracked 
|  69|0x0000000617800000, 0x0000000617800000, 0x0000000617c00000|  0%| F|  |TAMS 0x0000000617800000, 0x0000000617800000| Untracked 
|  70|0x0000000617c00000, 0x0000000617c00000, 0x0000000618000000|  0%| F|  |TAMS 0x0000000617c00000, 0x0000000617c00000| Untracked 
|  71|0x0000000618000000, 0x0000000618000000, 0x0000000618400000|  0%| F|  |TAMS 0x0000000618000000, 0x0000000618000000| Untracked 
|  72|0x0000000618400000, 0x0000000618400000, 0x0000000618800000|  0%| F|  |TAMS 0x0000000618400000, 0x0000000618400000| Untracked 
|  73|0x0000000618800000, 0x0000000618800000, 0x0000000618c00000|  0%| F|  |TAMS 0x0000000618800000, 0x0000000618800000| Untracked 
|  74|0x0000000618c00000, 0x0000000618c00000, 0x0000000619000000|  0%| F|  |TAMS 0x0000000618c00000, 0x0000000618c00000| Untracked 
|  75|0x0000000619000000, 0x0000000619000000, 0x0000000619400000|  0%| F|  |TAMS 0x0000000619000000, 0x0000000619000000| Untracked 
|  76|0x0000000619400000, 0x0000000619400000, 0x0000000619800000|  0%| F|  |TAMS 0x0000000619400000, 0x0000000619400000| Untracked 
|  77|0x0000000619800000, 0x0000000619800000, 0x0000000619c00000|  0%| F|  |TAMS 0x0000000619800000, 0x0000000619800000| Untracked 
|  78|0x0000000619c00000, 0x0000000619c00000, 0x000000061a000000|  0%| F|  |TAMS 0x0000000619c00000, 0x0000000619c00000| Untracked 
|  79|0x000000061a000000, 0x000000061a000000, 0x000000061a400000|  0%| F|  |TAMS 0x000000061a000000, 0x000000061a000000| Untracked 
|  80|0x000000061a400000, 0x000000061a400000, 0x000000061a800000|  0%| F|  |TAMS 0x000000061a400000, 0x000000061a400000| Untracked 
|  81|0x000000061a800000, 0x000000061a800000, 0x000000061ac00000|  0%| F|  |TAMS 0x000000061a800000, 0x000000061a800000| Untracked 
|  82|0x000000061ac00000, 0x000000061ac00000, 0x000000061b000000|  0%| F|  |TAMS 0x000000061ac00000, 0x000000061ac00000| Untracked 
|  83|0x000000061b000000, 0x000000061b000000, 0x000000061b400000|  0%| F|  |TAMS 0x000000061b000000, 0x000000061b000000| Untracked 
|  84|0x000000061b400000, 0x000000061b400000, 0x000000061b800000|  0%| F|  |TAMS 0x000000061b400000, 0x000000061b400000| Untracked 
|  85|0x000000061b800000, 0x000000061b800000, 0x000000061bc00000|  0%| F|  |TAMS 0x000000061b800000, 0x000000061b800000| Untracked 
|  86|0x000000061bc00000, 0x000000061bc00000, 0x000000061c000000|  0%| F|  |TAMS 0x000000061bc00000, 0x000000061bc00000| Untracked 
|  87|0x000000061c000000, 0x000000061c000000, 0x000000061c400000|  0%| F|  |TAMS 0x000000061c000000, 0x000000061c000000| Untracked 
|  88|0x000000061c400000, 0x000000061c400000, 0x000000061c800000|  0%| F|  |TAMS 0x000000061c400000, 0x000000061c400000| Untracked 
|  89|0x000000061c800000, 0x000000061c800000, 0x000000061cc00000|  0%| F|  |TAMS 0x000000061c800000, 0x000000061c800000| Untracked 
|  90|0x000000061cc00000, 0x000000061cc00000, 0x000000061d000000|  0%| F|  |TAMS 0x000000061cc00000, 0x000000061cc00000| Untracked 
|  91|0x000000061d000000, 0x000000061d000000, 0x000000061d400000|  0%| F|  |TAMS 0x000000061d000000, 0x000000061d000000| Untracked 
|  92|0x000000061d400000, 0x000000061d400000, 0x000000061d800000|  0%| F|  |TAMS 0x000000061d400000, 0x000000061d400000| Untracked 
|  93|0x000000061d800000, 0x000000061d800000, 0x000000061dc00000|  0%| F|  |TAMS 0x000000061d800000, 0x000000061d800000| Untracked 
|  94|0x000000061dc00000, 0x000000061dc00000, 0x000000061e000000|  0%| F|  |TAMS 0x000000061dc00000, 0x000000061dc00000| Untracked 
|  95|0x000000061e000000, 0x000000061e000000, 0x000000061e400000|  0%| F|  |TAMS 0x000000061e000000, 0x000000061e000000| Untracked 
|  96|0x000000061e400000, 0x000000061e400000, 0x000000061e800000|  0%| F|  |TAMS 0x000000061e400000, 0x000000061e400000| Untracked 
|  97|0x000000061e800000, 0x000000061e800000, 0x000000061ec00000|  0%| F|  |TAMS 0x000000061e800000, 0x000000061e800000| Untracked 
|  98|0x000000061ec00000, 0x000000061ec00000, 0x000000061f000000|  0%| F|  |TAMS 0x000000061ec00000, 0x000000061ec00000| Untracked 
|  99|0x000000061f000000, 0x000000061f000000, 0x000000061f400000|  0%| F|  |TAMS 0x000000061f000000, 0x000000061f000000| Untracked 
| 100|0x000000061f400000, 0x000000061f400000, 0x000000061f800000|  0%| F|  |TAMS 0x000000061f400000, 0x000000061f400000| Untracked 
| 101|0x000000061f800000, 0x000000061f800000, 0x000000061fc00000|  0%| F|  |TAMS 0x000000061f800000, 0x000000061f800000| Untracked 
| 102|0x000000061fc00000, 0x000000061fc00000, 0x0000000620000000|  0%| F|  |TAMS 0x000000061fc00000, 0x000000061fc00000| Untracked 
| 103|0x0000000620000000, 0x0000000620000000, 0x0000000620400000|  0%| F|  |TAMS 0x0000000620000000, 0x0000000620000000| Untracked 
| 104|0x0000000620400000, 0x0000000620400000, 0x0000000620800000|  0%| F|  |TAMS 0x0000000620400000, 0x0000000620400000| Untracked 
| 105|0x0000000620800000, 0x0000000620800000, 0x0000000620c00000|  0%| F|  |TAMS 0x0000000620800000, 0x0000000620800000| Untracked 
| 106|0x0000000620c00000, 0x0000000620c00000, 0x0000000621000000|  0%| F|  |TAMS 0x0000000620c00000, 0x0000000620c00000| Untracked 
| 107|0x0000000621000000, 0x0000000621000000, 0x0000000621400000|  0%| F|  |TAMS 0x0000000621000000, 0x0000000621000000| Untracked 
| 108|0x0000000621400000, 0x0000000621400000, 0x0000000621800000|  0%| F|  |TAMS 0x0000000621400000, 0x0000000621400000| Untracked 
| 109|0x0000000621800000, 0x0000000621800000, 0x0000000621c00000|  0%| F|  |TAMS 0x0000000621800000, 0x0000000621800000| Untracked 
| 110|0x0000000621c00000, 0x0000000621c00000, 0x0000000622000000|  0%| F|  |TAMS 0x0000000621c00000, 0x0000000621c00000| Untracked 
| 111|0x0000000622000000, 0x0000000622000000, 0x0000000622400000|  0%| F|  |TAMS 0x0000000622000000, 0x0000000622000000| Untracked 
| 112|0x0000000622400000, 0x0000000622400000, 0x0000000622800000|  0%| F|  |TAMS 0x0000000622400000, 0x0000000622400000| Untracked 
| 113|0x0000000622800000, 0x0000000622800000, 0x0000000622c00000|  0%| F|  |TAMS 0x0000000622800000, 0x0000000622800000| Untracked 
| 114|0x0000000622c00000, 0x0000000622c00000, 0x0000000623000000|  0%| F|  |TAMS 0x0000000622c00000, 0x0000000622c00000| Untracked 
| 115|0x0000000623000000, 0x0000000623000000, 0x0000000623400000|  0%| F|  |TAMS 0x0000000623000000, 0x0000000623000000| Untracked 
| 116|0x0000000623400000, 0x0000000623400000, 0x0000000623800000|  0%| F|  |TAMS 0x0000000623400000, 0x0000000623400000| Untracked 
| 117|0x0000000623800000, 0x0000000623800000, 0x0000000623c00000|  0%| F|  |TAMS 0x0000000623800000, 0x0000000623800000| Untracked 
| 118|0x0000000623c00000, 0x0000000623c00000, 0x0000000624000000|  0%| F|  |TAMS 0x0000000623c00000, 0x0000000623c00000| Untracked 
| 119|0x0000000624000000, 0x0000000624000000, 0x0000000624400000|  0%| F|  |TAMS 0x0000000624000000, 0x0000000624000000| Untracked 
| 120|0x0000000624400000, 0x0000000624400000, 0x0000000624800000|  0%| F|  |TAMS 0x0000000624400000, 0x0000000624400000| Untracked 
| 121|0x0000000624800000, 0x0000000624800000, 0x0000000624c00000|  0%| F|  |TAMS 0x0000000624800000, 0x0000000624800000| Untracked 
| 122|0x0000000624c00000, 0x0000000624c00000, 0x0000000625000000|  0%| F|  |TAMS 0x0000000624c00000, 0x0000000624c00000| Untracked 
| 123|0x0000000625000000, 0x0000000625000000, 0x0000000625400000|  0%| F|  |TAMS 0x0000000625000000, 0x0000000625000000| Untracked 
| 124|0x0000000625400000, 0x0000000625400000, 0x0000000625800000|  0%| F|  |TAMS 0x0000000625400000, 0x0000000625400000| Untracked 
| 125|0x0000000625800000, 0x0000000625ba87a0, 0x0000000625c00000| 91%| E|  |TAMS 0x0000000625800000, 0x0000000625800000| Complete 
| 126|0x0000000625c00000, 0x0000000626000000, 0x0000000626000000|100%| E|CS|TAMS 0x0000000625c00000, 0x0000000625c00000| Complete 

Card table byte_map: [0x00000220e2690000,0x00000220e3660000] _byte_map_base: 0x00000220df65e000

Marking Bits (Prev, Next): (CMBitMap*) 0x00000220cabe5b50, (CMBitMap*) 0x00000220cabe5b90
 Prev Bits: [0x00000220e4630000, 0x00000220ec4a0000)
 Next Bits: [0x00000220ec4a0000, 0x00000220f4310000)

Polling page: 0x00000220c8d10000

Metaspace:

Usage:
  Non-class:    955.39 KB used.
      Class:     91.68 KB used.
       Both:      1.02 MB used.

Virtual space:
  Non-class space:        8.00 MB reserved,     960.00 KB ( 12%) committed,  1 nodes.
      Class space:        1.00 GB reserved,     192.00 KB ( <1%) committed,  1 nodes.
             Both:        1.01 GB reserved,       1.12 MB ( <1%) committed. 

Chunk freelists:
   Non-Class:  3.92 MB
       Class:  3.73 MB
        Both:  7.66 MB

MaxMetaspaceSize: unlimited
CompressedClassSpaceSize: 1.00 GB
Initial GC threshold: 21.00 MB
Current GC threshold: 21.00 MB
CDS: on
MetaspaceReclaimPolicy: balanced
 - commit_granule_bytes: 65536.
 - commit_granule_words: 8192.
 - virtual_space_node_default_size: 1048576.
 - enlarge_chunks_in_place: 1.
 - new_chunks_are_fully_committed: 0.
 - uncommit_free_chunks: 1.
 - use_allocation_guard: 0.
 - handle_deallocations: 1.


Internal statistics:

num_allocs_failed_limit: 0.
num_arena_births: 14.
num_arena_deaths: 0.
num_vsnodes_births: 2.
num_vsnodes_deaths: 0.
num_space_committed: 18.
num_space_uncommitted: 0.
num_chunks_returned_to_freelist: 0.
num_chunks_taken_from_freelist: 21.
num_chunk_merges: 0.
num_chunk_splits: 15.
num_chunks_enlarged: 8.
num_purges: 0.
num_inconsistent_stats: 0.

CodeHeap 'non-profiled nmethods': size=120000Kb used=115Kb max_used=115Kb free=119885Kb
 bounds [0x00000220d9e40000, 0x00000220da0b0000, 0x00000220e1370000]
CodeHeap 'profiled nmethods': size=120000Kb used=462Kb max_used=462Kb free=119537Kb
 bounds [0x00000220d2910000, 0x00000220d2b80000, 0x00000220d9e40000]
CodeHeap 'non-nmethods': size=5760Kb used=1131Kb max_used=1149Kb free=4628Kb
 bounds [0x00000220d2370000, 0x00000220d25e0000, 0x00000220d2910000]
 total_blobs=747 nmethods=347 adapters=313
 compilation: enabled
              stopped_count=0, restarted_count=0
 full_count=0

Compilation events (20 events):
Event: 0.271 Thread 0x00000220f7933b00  255       4       java.lang.String::substring (58 bytes)
Event: 0.274 Thread 0x00000220f6d888e0  335       3       java.lang.StringUTF16::getChar (60 bytes)
Event: 0.274 Thread 0x00000220f6d888e0 nmethod 335 0x00000220d297e010 code [0x00000220d297e1a0, 0x00000220d297e318]
Event: 0.276 Thread 0x00000220f6d888e0  336       3       java.lang.String::charAt (25 bytes)
Event: 0.276 Thread 0x00000220f6d888e0 nmethod 336 0x00000220d297e410 code [0x00000220d297e600, 0x00000220d297eb38]
Event: 0.278 Thread 0x00000220f6d888e0  337       1       java.lang.String::value (5 bytes)
Event: 0.279 Thread 0x00000220f6d888e0 nmethod 337 0x00000220d9e58390 code [0x00000220d9e58520, 0x00000220d9e585f8]
Event: 0.279 Thread 0x00000220f6d888e0  338       3       java.lang.Class::getPackageName (81 bytes)
Event: 0.280 Thread 0x00000220f6d888e0 nmethod 338 0x00000220d297ed90 code [0x00000220d297f020, 0x00000220d297fae8]
Event: 0.280 Thread 0x00000220f6d888e0  340       3       java.lang.String::isLatin1 (19 bytes)
Event: 0.281 Thread 0x00000220f6d888e0 nmethod 340 0x00000220d297fe90 code [0x00000220d2980020, 0x00000220d2980198]
Event: 0.281 Thread 0x00000220f6d888e0  343       1       java.lang.invoke.MethodTypeForm::erasedType (5 bytes)
Event: 0.281 Thread 0x00000220f6d888e0 nmethod 343 0x00000220d9e58e10 code [0x00000220d9e58fa0, 0x00000220d9e59078]
Event: 0.281 Thread 0x00000220f7933b00 nmethod 255 0x00000220d9e59110 code [0x00000220d9e592a0, 0x00000220d9e59818]
Event: 0.281 Thread 0x00000220f7933b00  342   !   4       java.util.zip.ZipFile$Source::checkAndAddEntry (209 bytes)
Event: 0.291 Thread 0x00000220f6d888e0  345       3       java.lang.Integer::numberOfLeadingZeros (79 bytes)
Event: 0.291 Thread 0x00000220f6d888e0 nmethod 345 0x00000220d2980210 code [0x00000220d29803c0, 0x00000220d2980698]
Event: 0.291 Thread 0x00000220f6d888e0  344       3       java.util.Set::copyOf (27 bytes)
Event: 0.292 Thread 0x00000220f6d888e0 nmethod 344 0x00000220d2980710 code [0x00000220d2980900, 0x00000220d2981028]
Event: 0.292 Thread 0x00000220f6d888e0  347       3       java.lang.invoke.MethodType$ConcurrentWeakInternSet::get (47 bytes)

GC Heap History (0 events):
No events

Deoptimization events (20 events):
Event: 0.216 Thread 0x00000220cab71280 DEOPT PACKING pc=0x00000220d2943b56 sp=0x000000ef50bfe030
Event: 0.216 Thread 0x00000220cab71280 DEOPT UNPACKING pc=0x00000220d23c6763 sp=0x000000ef50bfd4b8 mode 0
Event: 0.217 Thread 0x00000220cab71280 DEOPT PACKING pc=0x00000220d2943b56 sp=0x000000ef50bfe030
Event: 0.217 Thread 0x00000220cab71280 DEOPT UNPACKING pc=0x00000220d23c6763 sp=0x000000ef50bfd4b8 mode 0
Event: 0.240 Thread 0x00000220cab71280 Uncommon trap: trap_request=0xffffff45 fr.pc=0x00000220d9e52d40 relative=0x0000000000000680
Event: 0.240 Thread 0x00000220cab71280 Uncommon trap: reason=unstable_if action=reinterpret pc=0x00000220d9e52d40 method=java.util.ImmutableCollections$SetN.probe(Ljava/lang/Object;)I @ 34 c2
Event: 0.240 Thread 0x00000220cab71280 DEOPT PACKING pc=0x00000220d9e52d40 sp=0x000000ef50bfef90
Event: 0.240 Thread 0x00000220cab71280 DEOPT UNPACKING pc=0x00000220d23c5c23 sp=0x000000ef50bfef30 mode 2
Event: 0.241 Thread 0x00000220cab71280 Uncommon trap: trap_request=0xffffff45 fr.pc=0x00000220d9e50c3c relative=0x000000000000041c
Event: 0.241 Thread 0x00000220cab71280 Uncommon trap: reason=unstable_if action=reinterpret pc=0x00000220d9e50c3c method=java.lang.StringLatin1.newString([BII)Ljava/lang/String; @ 1 c2
Event: 0.241 Thread 0x00000220cab71280 DEOPT PACKING pc=0x00000220d9e50c3c sp=0x000000ef50bfed60
Event: 0.241 Thread 0x00000220cab71280 DEOPT UNPACKING pc=0x00000220d23c5c23 sp=0x000000ef50bfed28 mode 2
Event: 0.273 Thread 0x00000220cab71280 Uncommon trap: trap_request=0xffffff45 fr.pc=0x00000220d9e4685c relative=0x000000000000005c
Event: 0.274 Thread 0x00000220cab71280 Uncommon trap: reason=unstable_if action=reinterpret pc=0x00000220d9e4685c method=java.lang.String.isLatin1()Z @ 10 c2
Event: 0.274 Thread 0x00000220cab71280 DEOPT PACKING pc=0x00000220d9e4685c sp=0x000000ef50bfe840
Event: 0.274 Thread 0x00000220cab71280 DEOPT UNPACKING pc=0x00000220d23c5c23 sp=0x000000ef50bfe7d0 mode 2
Event: 0.274 Thread 0x00000220cab71280 Uncommon trap: trap_request=0xffffff45 fr.pc=0x00000220d9e47178 relative=0x0000000000000078
Event: 0.274 Thread 0x00000220cab71280 Uncommon trap: reason=unstable_if action=reinterpret pc=0x00000220d9e47178 method=java.lang.String.isLatin1()Z @ 10 c2
Event: 0.274 Thread 0x00000220cab71280 DEOPT PACKING pc=0x00000220d9e47178 sp=0x000000ef50bff230
Event: 0.274 Thread 0x00000220cab71280 DEOPT UNPACKING pc=0x00000220d23c5c23 sp=0x000000ef50bff170 mode 2

Classes unloaded (0 events):
No events

Classes redefined (0 events):
No events

Internal exceptions (4 events):
Event: 0.131 Thread 0x00000220cab71280 Exception <a 'java/lang/NoSuchMethodError'{0x0000000625d9e008}: 'void java.lang.invoke.DirectMethodHandle$Holder.invokeVirtual(java.lang.Object, java.lang.Object)'> (0x0000000625d9e008) 
thrown [t:\workspace\open\src\hotspot\share\interpreter\linkResolver.cpp, line 766]
Event: 0.281 Thread 0x00000220f7ce06d0 Exception <a 'java/lang/NoSuchMethodError'{0x0000000625a6b4f0}: 'java.lang.Object java.lang.invoke.DirectMethodHandle$Holder.invokeStaticInit(java.lang.Object)'> (0x0000000625a6b4f0) 
thrown [t:\workspace\open\src\hotspot\share\interpreter\linkResolver.cpp, line 766]
Event: 0.290 Thread 0x00000220f7ce06d0 Exception <a 'java/lang/ClassNotFoundException'{0x0000000625a766f8}: jdk/net/ExtendedSocketOptions> (0x0000000625a766f8) 
thrown [t:\workspace\open\src\hotspot\share\classfile\systemDictionary.cpp, line 256]
Event: 0.292 Thread 0x00000220f7ce06d0 Exception <a 'java/lang/NoSuchMethodError'{0x0000000625a77f90}: 'void java.lang.invoke.DirectMethodHandle$Holder.invokeStatic(java.lang.Object, java.lang.Object)'> (0x0000000625a77f90) 
thrown [t:\workspace\open\src\hotspot\share\interpreter\linkResolver.cpp, line 766]

VM Operations (6 events):
Event: 0.233 Executing VM operation: HandshakeAllThreads
Event: 0.233 Executing VM operation: HandshakeAllThreads done
Event: 0.233 Executing VM operation: HandshakeAllThreads
Event: 0.233 Executing VM operation: HandshakeAllThreads done
Event: 0.278 Executing VM operation: HandshakeAllThreads
Event: 0.278 Executing VM operation: HandshakeAllThreads done

Events (20 events):
Event: 0.288 loading class java/io/IOException done
Event: 0.288 loading class java/net/SocksConsts
Event: 0.288 loading class java/net/SocksConsts done
Event: 0.288 loading class java/net/DelegatingSocketImpl
Event: 0.288 loading class java/net/DelegatingSocketImpl done
Event: 0.288 loading class java/net/SocksSocketImpl done
Event: 0.289 loading class sun/nio/ch/Net
Event: 0.289 loading class sun/nio/ch/Net done
Event: 0.289 loading class sun/nio/ch/Net$1
Event: 0.289 loading class java/net/ProtocolFamily
Event: 0.289 loading class java/net/ProtocolFamily done
Event: 0.289 loading class sun/nio/ch/Net$1 done
Event: 0.290 loading class sun/net/ext/ExtendedSocketOptions
Event: 0.290 loading class sun/net/ext/ExtendedSocketOptions done
Event: 0.290 loading class sun/net/ext/ExtendedSocketOptions$NoExtendedSocketOptions
Event: 0.290 loading class java/util/concurrent/atomic/AtomicBoolean
Event: 0.290 loading class sun/net/ext/ExtendedSocketOptions$NoExtendedSocketOptions done
Event: 0.291 loading class java/util/concurrent/atomic/AtomicBoolean done
Event: 0.291 loading class java/net/StandardProtocolFamily
Event: 0.291 loading class java/net/StandardProtocolFamily done


Dynamic libraries:
0x00007ff7386e0000 - 0x00007ff7386ee000 	C:\Users\lelal\.jdks\openjdk-17\bin\java.exe
0x00007ff8a4920000 - 0x00007ff8a4b29000 	C:\WINDOWS\SYSTEM32\ntdll.dll
0x00007ff8a3070000 - 0x00007ff8a312e000 	C:\WINDOWS\System32\KERNEL32.DLL
0x00007ff8a23a0000 - 0x00007ff8a271b000 	C:\WINDOWS\System32\KERNELBASE.dll
0x00007ff8a2040000 - 0x00007ff8a2151000 	C:\WINDOWS\System32\ucrtbase.dll
0x00007ff898010000 - 0x00007ff898028000 	C:\Users\lelal\.jdks\openjdk-17\bin\jli.dll
0x00007ff898040000 - 0x00007ff89805a000 	C:\Users\lelal\.jdks\openjdk-17\bin\VCRUNTIME140.dll
0x00007ff8a41c0000 - 0x00007ff8a436d000 	C:\WINDOWS\System32\USER32.dll
0x00007ff8a2200000 - 0x00007ff8a2226000 	C:\WINDOWS\System32\win32u.dll
0x00007ff8882a0000 - 0x00007ff888545000 	C:\WINDOWS\WinSxS\amd64_microsoft.windows.common-controls_6595b64144ccf1df_6.0.22000.120_none_9d947278b86cc467\COMCTL32.dll
0x00007ff8a2bd0000 - 0x00007ff8a2bf9000 	C:\WINDOWS\System32\GDI32.dll
0x00007ff8a44e0000 - 0x00007ff8a4583000 	C:\WINDOWS\System32\msvcrt.dll
0x00007ff8a1df0000 - 0x00007ff8a1f08000 	C:\WINDOWS\System32\gdi32full.dll
0x00007ff8a2160000 - 0x00007ff8a21fd000 	C:\WINDOWS\System32\msvcp_win.dll
0x00007ff8a4590000 - 0x00007ff8a45c2000 	C:\WINDOWS\System32\IMM32.DLL
0x00007ff89a5f0000 - 0x00007ff89a5fc000 	C:\Users\lelal\.jdks\openjdk-17\bin\vcruntime140_1.dll
0x00007ff888b40000 - 0x00007ff888bcd000 	C:\Users\lelal\.jdks\openjdk-17\bin\msvcp140.dll
0x00007ff83dd00000 - 0x00007ff83e8be000 	C:\Users\lelal\.jdks\openjdk-17\bin\server\jvm.dll
0x00007ff8a4740000 - 0x00007ff8a47ee000 	C:\WINDOWS\System32\ADVAPI32.dll
0x00007ff8a4380000 - 0x00007ff8a441e000 	C:\WINDOWS\System32\sechost.dll
0x00007ff8a3760000 - 0x00007ff8a3880000 	C:\WINDOWS\System32\RPCRT4.dll
0x00007ff8a3750000 - 0x00007ff8a3758000 	C:\WINDOWS\System32\PSAPI.DLL
0x00007ff897fa0000 - 0x00007ff897fd3000 	C:\WINDOWS\SYSTEM32\WINMM.dll
0x00007ff881cc0000 - 0x00007ff881cc9000 	C:\WINDOWS\SYSTEM32\WSOCK32.dll
0x00007ff895840000 - 0x00007ff89584a000 	C:\WINDOWS\SYSTEM32\VERSION.dll
0x00007ff8a27a0000 - 0x00007ff8a280f000 	C:\WINDOWS\System32\WS2_32.dll
0x00007ff8a0f40000 - 0x00007ff8a0f58000 	C:\WINDOWS\SYSTEM32\kernel.appcore.dll
0x00007ff898c70000 - 0x00007ff898c7a000 	C:\Users\lelal\.jdks\openjdk-17\bin\jimage.dll
0x00007ff89f290000 - 0x00007ff89f4b1000 	C:\WINDOWS\SYSTEM32\DBGHELP.DLL
0x00007ff8934b0000 - 0x00007ff8934e1000 	C:\WINDOWS\SYSTEM32\dbgcore.DLL
0x00007ff8a2720000 - 0x00007ff8a279f000 	C:\WINDOWS\System32\bcryptPrimitives.dll
0x00007ff897020000 - 0x00007ff89702e000 	C:\Users\lelal\.jdks\openjdk-17\bin\instrument.dll
0x00007ff896fe0000 - 0x00007ff897005000 	C:\Users\lelal\.jdks\openjdk-17\bin\java.dll
0x00007ff859a90000 - 0x00007ff859b66000 	C:\Users\lelal\.jdks\openjdk-17\bin\svml.dll
0x00007ff8a3960000 - 0x00007ff8a4117000 	C:\WINDOWS\System32\SHELL32.dll
0x00007ff89feb0000 - 0x00007ff8a0715000 	C:\WINDOWS\SYSTEM32\windows.storage.dll
0x00007ff8a2cf0000 - 0x00007ff8a3068000 	C:\WINDOWS\System32\combase.dll
0x00007ff89fd40000 - 0x00007ff89fea6000 	C:\WINDOWS\SYSTEM32\wintypes.dll
0x00007ff8a2c00000 - 0x00007ff8a2cea000 	C:\WINDOWS\System32\SHCORE.dll
0x00007ff8a45e0000 - 0x00007ff8a463d000 	C:\WINDOWS\System32\shlwapi.dll
0x00007ff8a1d20000 - 0x00007ff8a1d41000 	C:\WINDOWS\SYSTEM32\profapi.dll
0x00007ff8961e0000 - 0x00007ff8961f9000 	C:\Users\lelal\.jdks\openjdk-17\bin\net.dll
0x00007ff899370000 - 0x00007ff899484000 	C:\WINDOWS\SYSTEM32\WINHTTP.dll
0x00007ff8a1400000 - 0x00007ff8a1467000 	C:\WINDOWS\system32\mswsock.dll
0x00007ff88c6d0000 - 0x00007ff88c6e5000 	C:\Users\lelal\.jdks\openjdk-17\bin\nio.dll
0x00007ff88c640000 - 0x00007ff88c658000 	C:\Users\lelal\.jdks\openjdk-17\bin\zip.dll
0x00007ff88c620000 - 0x00007ff88c63a000 	C:\Program Files\JetBrains\IntelliJ IDEA 2021.2.1\bin\breakgen64.dll

dbghelp: loaded successfully - version: 4.0.5 - missing functions: none
symbol engine: initialized successfully - sym options: 0x614 - pdb path: .;C:\Users\lelal\.jdks\openjdk-17\bin;C:\WINDOWS\SYSTEM32;C:\WINDOWS\WinSxS\amd64_microsoft.windows.common-controls_6595b64144ccf1df_6.0.22000.120_none_9d947278b86cc467;C:\Users\lelal\.jdks\openjdk-17\bin\server;C:\Program Files\JetBrains\IntelliJ IDEA 2021.2.1\bin

VM Arguments:
jvm_args: -javaagent:C:\Program Files\JetBrains\IntelliJ IDEA 2021.2.1\lib\idea_rt.jar=62846:C:\Program Files\JetBrains\IntelliJ IDEA 2021.2.1\bin -Dfile.encoding=UTF-8 --module-path=C:\LELALOU_AssignmentOne\target\classes;C:\Users\lelal\.m2\repository\org\openjfx\javafx-fxml\17-ea+11\javafx-fxml-17-ea+11-win.jar;C:\Users\lelal\.m2\repository\org\openjfx\javafx-controls\17-ea+11\javafx-controls-17-ea+11-win.jar;C:\Users\lelal\.m2\repository\org\openjfx\javafx-graphics\17-ea+11\javafx-graphics-17-ea+11-win.jar;C:\Users\lelal\.m2\repository\org\openjfx\javafx-base\17-ea+11\javafx-base-17-ea+11-win.jar -Djdk.module.main=com.example.lelalou_assignmentone 
java_command: com.example.lelalou_assignmentone/com.example.lelalou_assignmentone.SortingHubApplication
java_class_path (initial): C:\Users\lelal\.m2\repository\org\openjfx\javafx-controls\17-ea+11\javafx-controls-17-ea+11.jar;C:\Users\lelal\.m2\repository\org\openjfx\javafx-graphics\17-ea+11\javafx-graphics-17-ea+11.jar;C:\Users\lelal\.m2\repository\org\openjfx\javafx-base\17-ea+11\javafx-base-17-ea+11.jar;C:\Users\lelal\.m2\repository\org\openjfx\javafx-fxml\17-ea+11\javafx-fxml-17-ea+11.jar
Launcher Type: SUN_STANDARD

[Global flags]
     intx CICompilerCount                          = 4                                         {product} {ergonomic}
     uint ConcGCThreads                            = 2                                         {product} {ergonomic}
     uint G1ConcRefinementThreads                  = 8                                         {product} {ergonomic}
   size_t G1HeapRegionSize                         = 4194304                                   {product} {ergonomic}
    uintx GCDrainStackTargetSize                   = 64                                        {product} {ergonomic}
   size_t InitialHeapSize                          = 532676608                                 {product} {ergonomic}
   size_t MarkStackSize                            = 4194304                                   {product} {ergonomic}
   size_t MaxHeapSize                              = 8485076992                                {product} {ergonomic}
   size_t MaxNewSize                               = 5087690752                                {product} {ergonomic}
   size_t MinHeapDeltaBytes                        = 4194304                                   {product} {ergonomic}
   size_t MinHeapSize                              = 8388608                                   {product} {ergonomic}
    uintx NonNMethodCodeHeapSize                   = 5839372                                {pd product} {ergonomic}
    uintx NonProfiledCodeHeapSize                  = 122909434                              {pd product} {ergonomic}
    uintx ProfiledCodeHeapSize                     = 122909434                              {pd product} {ergonomic}
    uintx ReservedCodeCacheSize                    = 251658240                              {pd product} {ergonomic}
     bool SegmentedCodeCache                       = true                                      {product} {ergonomic}
   size_t SoftMaxHeapSize                          = 8485076992                             {manageable} {ergonomic}
     bool UseCompressedClassPointers               = true                           {product lp64_product} {ergonomic}
     bool UseCompressedOops                        = true                           {product lp64_product} {ergonomic}
     bool UseG1GC                                  = true                                      {product} {ergonomic}
     bool UseLargePagesIndividualAllocation        = false                                  {pd product} {ergonomic}

Logging:
Log output configuration:
 #0: stdout all=warning uptime,level,tags
 #1: stderr all=off uptime,level,tags

Environment Variables:
PATH=C:\Program Files\Python38\Scripts\;C:\Program Files\Python38\;C:\WINDOWS\system32;C:\WINDOWS;C:\WINDOWS\System32\Wbem;C:\WINDOWS\System32\WindowsPowerShell\v1.0\;C:\WINDOWS\System32\OpenSSH\;C:\Program Files\MATLAB\R2021a\bin;C:\Program Files (x86)\Pulse Secure\VC142.CRT\X64\;C:\Program Files (x86)\Pulse Secure\VC142.CRT\X86\;C:\Program Files\GitHub CLI\;C:\Program Files\Git\cmd;C:\Program Files\nodejs\;C:\Program Files\Microsoft SQL Server\150\Tools\Binn\;C:\Program Files\Microsoft SQL Server\Client SDK\ODBC\170\Tools\Binn\;C:\Program Files\dotnet\;C:\Users\lelal\AppData\Local\Microsoft\WindowsApps;C:\Users\lelal\AppData\Local\Programs\Microsoft VS Code\bin;C:\Users\lelal\AppData\Local\GitHubDesktop\bin;C:\Users\lelal\AppData\Roaming\npm;C:\Users\lelal\.dotnet\tools
USERNAME=lelal
OS=Windows_NT
PROCESSOR_IDENTIFIER=Intel64 Family 6 Model 126 Stepping 5, GenuineIntel



---------------  S Y S T E M  ---------------

OS:
 Windows 10 , 64 bit Build 22000 (10.0.22000.1335)
OS uptime: 11 days 0:55 hours
Hyper-V role detected

CPU: total 8 (initial active 8) (4 cores per cpu, 2 threads per core) family 6 model 126 stepping 5 microcode 0xb0, cx8, cmov, fxsr, ht, mmx, 3dnowpref, sse, sse2, sse3, ssse3, sse4.1, sse4.2, popcnt, lzcnt, tsc, tscinvbit, avx, avx2, aes, erms, clmul, bmi1, bmi2, adx, avx512f, avx512dq, avx512cd, avx512bw, avx512vl, sha, fma, vzeroupper, avx512_vpopcntdq, avx512_vpclmulqdq, avx512_vaes, avx512_vnni, clflush, clflushopt, avx512_vbmi2, avx512_vbmi, hv

Memory: 4k page, system-wide physical 32353M (5974M free)
TotalPageFile size 42353M (AvailPageFile size 2M)
current process WorkingSet (physical memory assigned to process): 48M, peak: 48M
current process commit charge ("private bytes"): 614M, peak: 615M

vm_info: OpenJDK 64-Bit Server VM (17+35-2724) for windows-amd64 JRE (17+35-2724), built on Aug  5 2021 23:26:02 by "mach5one" with MS VC++ 16.8 (VS2019)

END.
